15
15
Skipping Stones
Kevin Mu
Copyright Kevin's Crosswords - 2021
This puzzle is in honor of National Rock Day.
----*PARE*SATAN
----*RIAA*TURBO
----*ENTREATIES
------*-----***
-----------*NAM
****ARA**AHNOLD
*HEARTSANDMINDS
VENT**SAO**SNEE
CLOUDFORMATION*
ROLLER**DIR****
SSA*TOTHELETTER
***HOMEY*ENORME
PAREXEMPLE*----
RENEE*BEAN*COED
SCATS*----*ANNS
1A: Clue for THUS (THUS)
1D: Clue for THATA (THATA)
2D: None (HARES)
3D: Clue for USETO (USETO)
4D: Clue for SHARP (SHARP)
5A: Clue for PARE (PARE)
5D: Clue for PRESORT (PRESORT)
6D: None (AIN)
7D: Clue for RATHE (RATHE)
8D: Clue for EARED (EARED)
9A: Clue for SATAT (SATAT)
9D: Clue for STATOHM (STATOHM)
10D: Clue for AUTO (AUTO)
11D: Clue for TRI (TRI)
12D: None (ANE)
13D: Clue for ITD (TAS)
14A: Clue for HASH (HASH)
15A: Clue for RIAA (RIAA)
16A: Clue for TURNA (TURNA)
17A: Clue for AREA (AREA)
18A: Clue for ENTREATIES (ENTREATIES)
19D: Clue for ECTAD (ECTAD)
20A: Clue for TETRAS (TETRAS)
21D: Clue for APAR (APAR)
22A: Clue for HECTO (HECTO)
23A: Clue for ASOPPOSEDTO (ASOPPOSEDTO)
24D: Clue for SASSO (SASSO)
25A: None (NAM)
25D: Clue for NONNO (NONNO)
26D: Clue for ALDEN (ALDEN)
27D: Clue for MDSE (MDSE)
28A: Clue for ARA (ARA)
29A: Clue for AHNOLD (AHNOLD)
30D: Clue for NISI (NISI)
31A: Clue for HEARTSANDMINDS (HEARTSANDMINDS)
31D: Clue for HELOS (HELOS)
32D: Clue for ENOLA (ENOLA)
33D: Clue for ATUL (ATUL)
34D: Clue for AAR (AAR)
35D: Clue for NOMDE (NOMDE)
36A: Clue for VENT (VENT)
36D: Clue for VCRS (VCRS)
37A: Clue for SAO (SAO)
38A: Clue for SNEE (SNEE)
39A: Clue for CLOUDFORMATION (CLOUDFORMATION)
40D: Clue for DETOXES (DETOXES)
41D: Clue for FROME (FROME)
42D: Clue for AILEENS (AILEENS)
43D: Clue for TREN (TREN)
44A: Clue for ROLLER (ROLLER)
45A: Clue for DIR (DIR)
46A: None (SSA)
47A: Clue for TOTHELETTER (TOTHELETTER)
48D: Clue for TEMBO (TEMBO)
49D: Clue for HYPER (HYPER)
50D: Clue for TOSCA (TOSCA)
51D: Clue for TROON (TROON)
52D: Clue for EMLEN (EMLEN)
53D: Clue for READS (READS)
54A: Clue for HOMEY (HOMEY)
54D: Clue for HEET (HEET)
55A: Clue for ENORME (ENORME)
56A: Clue for PAREXEMPLE (PAREXEMPLE)
56D: Clue for PRS (PRS)
57D: Clue for AEC (AEC)
58D: Clue for ISU (RNA)
59D: Clue for SAT (LAU)
60A: None (SOLA)
61A: Clue for RENEE (RENEE)
62A: Clue for BEAN (BEAN)
63A: Clue for COED (COED)
64A: Clue for SCATS (SCATS)
65A: Clue for ORUS (ORUS)
66A: Clue for ANNS (ANNS)
