15
15
Stepping Stones
Kevin Mu
Copyright Kevin 2021
This is a special test puzzle.
BRAS*SANS*TATAS
RENI*ISON*WISPY
ACOG*SOLICITOUS
FUSILE*ADARS***
FEELINGWELL*CPO
****NOO**LETRIP
*ALTERNATEROUTE
ISAO**EAR**BOTS
POINTERSISTERS*
ARTIES**CFO****
YES*STONEGROUND
***ETAPE*INCHER
ACEVENTURA*RUMI
ROMER*IRAN*ARAS
PAILS*COST*TANS
1A: Supportive garments (BRAS)
1D: Scrubs star Zach (BRAFF)
2D: Prompt again (RECUE)
3D: None (ANOSE)
4D: None (SIGIL)
5A: None (SANS)
5D: None (SISENOR)
6D: None (ASO)
7D: None (NOLAW)
8D: None (SNIDE)
9A: None (TATAS)
9D: None (TWIRLER)
10D: None (AITS)
11D: None (TSO)
12D: None (APU)
13D: None (SYS)
14A: None (RENI)
15A: None (ISON)
16A: None (WISPY)
17A: None (ACOG)
18A: None (SOLICITOUS)
19D: None (CALLE)
20A: None (FUSILE)
21D: None (LINE)
22A: None (ADARS)
23A: None (FEELINGWELL)
24D: None (GONER)
25A: None (CPO)
25D: None (CRUOR)
26D: None (PITTS)
27D: None (OPES)
28A: None (NOO)
29A: None (LETRIP)
30D: None (TOBE)
31A: None (ALTERNATEROUTE)
31D: None (ASORE)
32D: None (LAITS)
33D: None (TONI)
34D: None (AAS)
35D: None (TRICE)
36A: None (ISAO)
36D: None (IPAY)
37A: None (EAR)
38A: None (BOTS)
39A: None (POINTERSISTERS)
40D: None (TESTERS)
41D: None (ESTAN)
42D: None (SFGIANT)
43D: None (TORN)
44A: None (ARTIES)
45A: None (CFO)
46A: None (YES)
47A: None (STONEGROUND)
48D: None (OPTIC)
49D: None (NEURO)
50D: None (OCRAT)
51D: None (UHURA)
52D: None (NEMAN)
53D: None (DRISS)
54A: None (ETAPE)
54D: None (EVEL)
55A: None (INCHER)
56A: None (ACEVENTURA)
56D: None (ARP)
57D: None (COA)
58D: None (EMI)
59D: None (RAS)
60A: None (RUMI)
61A: None (ROMER)
62A: None (IRAN)
63A: None (ARAS)
64A: None (PAILS)
65A: None (COST)
66A: None (TANS)
